Compiled jquery.js  (3ms)  (pid 7996)
Compiled jquery_ujs.js  (0ms)  (pid 7996)
Compiled jquery.easing.1.3.js  (0ms)  (pid 7996)
Compiled jquery.stellar.min.js  (0ms)  (pid 7996)
Compiled scripts.js  (0ms)  (pid 7996)
Compiled waypoints.min.js  (0ms)  (pid 7996)
Compiled application.js  (154ms)  (pid 7996)
Compiled jquery.js  (2ms)  (pid 5508)
Compiled jquery_ujs.js  (0ms)  (pid 5508)
Compiled jquery.easing.1.3.js  (1ms)  (pid 5508)
Compiled jquery.stellar.min.js  (1ms)  (pid 5508)
Compiled scripts.js  (1ms)  (pid 5508)
Compiled waypoints.min.js  (1ms)  (pid 5508)
Compiled application.js  (107ms)  (pid 5508)
Compiled jquery.js  (3ms)  (pid 4968)
Compiled jquery_ujs.js  (0ms)  (pid 4968)
Compiled jquery.easing.1.3.js  (1ms)  (pid 4968)
Compiled jquery.stellar.min.js  (0ms)  (pid 4968)
Compiled scripts.js  (0ms)  (pid 4968)
Compiled waypoints.min.js  (1ms)  (pid 4968)
Compiled application.js  (178ms)  (pid 4968)
Compiled jquery.js  (2ms)  (pid 1136)
Compiled jquery_ujs.js  (1ms)  (pid 1136)
Compiled application.js  (37ms)  (pid 1136)
Compiled jquery.js  (2ms)  (pid 8132)
Compiled jquery_ujs.js  (0ms)  (pid 8132)
Compiled application.js  (41ms)  (pid 8132)
Compiled jquery.js  (9ms)  (pid 6092)
Compiled jquery_ujs.js  (1ms)  (pid 6092)
Compiled application.js  (154ms)  (pid 6092)
